Using pre-set license
Built from '2020.3/staging' branch; Version is '2020.3.17f1 (a4537701e4ab) revision 10769271'; Using compiler version '192528614'; Build Type 'Release'
OS: 'Windows 10 Pro; OS build 19042.1237; Version 2009; 64bit' Language: 'en' Physical Memory: 32718 MB
BatchMode: 1, IsHumanControllingUs: 0, StartBugReporterOnCrash: 0, Is64bit: 1, IsPro: 0

COMMAND LINE ARGUMENTS:
C:\Program Files\Unity\Hub\Editor\2020.3.17f1\Editor\Unity.exe
-adb2
-batchMode
-noUpm
-name
AssetImportWorker1
-projectPath
C:/Users/TheAs/capstone/RoR_like_game
-logFile
Logs/AssetImportWorker1.log
-srvPort
60997
Successfully changed project path to: C:/Users/TheAs/capstone/RoR_like_game
C:/Users/TheAs/capstone/RoR_like_game
Using Asset Import Pipeline V2.
Refreshing native plugins compatible for Editor in 32.48 ms, found 2 plugins.
Preloading 0 native plugins for Editor in 0.00 ms.
Initialize engine version: 2020.3.17f1 (a4537701e4ab)
[Subsystems] Discovering subsystems at path C:/Program Files/Unity/Hub/Editor/2020.3.17f1/Editor/Data/Resources/UnitySubsystems
[Subsystems] Discovering subsystems at path C:/Users/TheAs/capstone/RoR_like_game/Assets
GfxDevice: creating device client; threaded=0
Direct3D:
    Version:  Direct3D 11.0 [level 11.1]
    Renderer: NVIDIA GeForce GTX 1070 (ID=0x1b81)
    Vendor:   
    VRAM:     8088 MB
    Driver:   30.0.14.7212
Shader 'WFX/Transparent Specular': fallback shader 'Particles/Alpha Blended' not found
Shader 'WFX/Transparent Diffuse': fallback shader 'Particles/Alpha Blended' not found
Initialize mono
Mono path[0] = 'C:/Program Files/Unity/Hub/Editor/2020.3.17f1/Editor/Data/Managed'
Mono path[1] = 'C:/Program Files/Unity/Hub/Editor/2020.3.17f1/Editor/Data/MonoBleedingEdge/lib/mono/unityjit'
Mono config path = 'C:/Program Files/Unity/Hub/Editor/2020.3.17f1/Editor/Data/MonoBleedingEdge/etc'
Using monoOptions --debugger-agent=transport=dt_socket,embedding=1,server=y,suspend=n,address=127.0.0.1:56392
Begin MonoManager ReloadAssembly
Registering precompiled unity dll's ...
Register platform support module: C:/Program Files/Unity/Hub/Editor/2020.3.17f1/Editor/Data/PlaybackEngines/WindowsStandaloneSupport/UnityEditor.WindowsStandalone.Extensions.dll
Registered in 0.001658 seconds.
Native extension for WindowsStandalone target not found
Refreshing native plugins compatible for Editor in 32.18 ms, found 2 plugins.
Preloading 0 native plugins for Editor in 0.00 ms.
Mono: successfully reloaded assembly
- Completed reload, in  2.682 seconds
Domain Reload Profiling:
	ReloadAssembly (2682ms)
		BeginReloadAssembly (43ms)
			ExecutionOrderSort (0ms)
			DisableScriptedObjects (0ms)
			BackupInstance (0ms)
			ReleaseScriptingObjects (0ms)
			CreateAndSetChildDomain (1ms)
		EndReloadAssembly (434ms)
			LoadAssemblies (41ms)
			RebuildTransferFunctionScriptingTraits (0ms)
			SetupTypeCache (222ms)
			ReleaseScriptCaches (0ms)
			RebuildScriptCaches (25ms)
			SetupLoadedEditorAssemblies (133ms)
				LogAssemblyErrors (0ms)
				InitializePlatformSupportModulesInManaged (4ms)
				SetLoadedEditorAssemblies (0ms)
				RefreshPlugins (32ms)
				BeforeProcessingInitializeOnLoad (10ms)
				ProcessInitializeOnLoadAttributes (61ms)
				ProcessInitializeOnLoadMethodAttributes (26ms)
				AfterProcessingInitializeOnLoad (0ms)
				EditorAssembliesLoaded (0ms)
			ExecutionOrderSort2 (0ms)
			AwakeInstancesAfterBackupRestoration (0ms)
Platform modules already initialized, skipping
Registering precompiled user dll's ...
Registered in 0.003218 seconds.
Begin MonoManager ReloadAssembly
Native extension for WindowsStandalone target not found
Refreshing native plugins compatible for Editor in 0.47 ms, found 2 plugins.
Preloading 0 native plugins for Editor in 0.00 ms.
Mono: successfully reloaded assembly
- Completed reload, in  0.933 seconds
Domain Reload Profiling:
	ReloadAssembly (934ms)
		BeginReloadAssembly (121ms)
			ExecutionOrderSort (0ms)
			DisableScriptedObjects (3ms)
			BackupInstance (0ms)
			ReleaseScriptingObjects (0ms)
			CreateAndSetChildDomain (18ms)
		EndReloadAssembly (757ms)
			LoadAssemblies (68ms)
			RebuildTransferFunctionScriptingTraits (0ms)
			SetupTypeCache (219ms)
			ReleaseScriptCaches (0ms)
			RebuildScriptCaches (38ms)
			SetupLoadedEditorAssemblies (357ms)
				LogAssemblyErrors (0ms)
				InitializePlatformSupportModulesInManaged (4ms)
				SetLoadedEditorAssemblies (0ms)
				RefreshPlugins (1ms)
				BeforeProcessingInitializeOnLoad (69ms)
				ProcessInitializeOnLoadAttributes (274ms)
				ProcessInitializeOnLoadMethodAttributes (4ms)
				AfterProcessingInitializeOnLoad (5ms)
				EditorAssembliesLoaded (0ms)
			ExecutionOrderSort2 (0ms)
			AwakeInstancesAfterBackupRestoration (5ms)
Platform modules already initialized, skipping
========================================================================
Worker process is ready to serve import requests
Shader 'WFX/Transparent Diffuse': fallback shader 'Particles/Alpha Blended' not found
Shader 'WFX/Transparent Specular': fallback shader 'Particles/Alpha Blended' not found
Launched and connected shader compiler UnityShaderCompiler.exe after 0.11 seconds
Refreshing native plugins compatible for Editor in 0.49 ms, found 2 plugins.
Preloading 0 native plugins for Editor in 0.00 ms.
Unloading 1594 Unused Serialized files (Serialized files now loaded: 0)
System memory in use before: 160.6 MB.
System memory in use after: 160.7 MB.

Unloading 18 unused Assets to reduce memory usage. Loaded Objects now: 2053.
Total: 2.780500 ms (FindLiveObjects: 0.231100 ms CreateObjectMapping: 0.035100 ms MarkObjects: 2.492300 ms  DeleteObjects: 0.021200 ms)

AssetImportParameters requested are different than current active one (requested -> active):
  custom:framework-win-MediaFoundation: 216162199b28c13a410421893ffa2e32 -> 
  custom:video-decoder-ogg-theora: a1e56fd34408186e4bbccfd4996cb3dc -> 
  custom:container-muxer-webm: aa71ff27fc2769a1b78a27578f13a17b -> 
  custom:container-demuxer-webm: 4f35f7cbe854078d1ac9338744f61a02 -> 
  custom:container-demuxer-ogg: 62fdf1f143b41e24485cea50d1cbac27 -> 
  custom:video-encoder-webm-vp8: eb34c28f22e8b96e1ab97ce403110664 -> 
  custom:video-decoder-webm-vp8: 9c59270c3fd7afecdb556c50c9e8de78 -> 
  custom:audio-decoder-ogg-vorbis: bf7c407c2cedff20999df2af8eb42d56 -> 
  custom:audio-encoder-webm-vorbis: bf7c407c2cedff20999df2af8eb42d56 -> 
========================================================================
Received Import Request.
  path: Assets/Whale/Objects/Materials/Whale3DCLo_default_AlbedoTransparency.mat
  artifactKey: Guid(2325a37740150c9499f2338d0e6b8619) Importer(815301076,1909f56bfc062723c751e8b465ee728b)
Start importing Assets/Whale/Objects/Materials/Whale3DCLo_default_AlbedoTransparency.mat using Guid(2325a37740150c9499f2338d0e6b8619) Importer(815301076,1909f56bfc062723c751e8b465ee728b)  -> (artifact id: '10afbbea101632c0451ca38aadb7bd5e') in 0.294921 seconds 
  Import took 0.297811 seconds .

========================================================================
Received Import Request.
  Time since last request: 0.000182 seconds.
  path: Assets/Whale/Materials/Whale3DCLo_default_AlbedoTransparency.png
  artifactKey: Guid(ffbcc8e95bd3ef844abd99f5cddf3f8b) Importer(815301076,1909f56bfc062723c751e8b465ee728b)
Start importing Assets/Whale/Materials/Whale3DCLo_default_AlbedoTransparency.png using Guid(ffbcc8e95bd3ef844abd99f5cddf3f8b) Importer(815301076,1909f56bfc062723c751e8b465ee728b)  -> (artifact id: 'ffcccc38e872e2b9a41afba7615d08e4') in 0.043074 seconds 
  Import took 0.045757 seconds .

========================================================================
Received Import Request.
  Time since last request: 0.000186 seconds.
  path: Assets/Whale/Main Files_aka_Prefabs/Whale.prefab
  artifactKey: Guid(f85e3056e6d31594d8f370d05da256ff) Importer(815301076,1909f56bfc062723c751e8b465ee728b)
Start importing Assets/Whale/Main Files_aka_Prefabs/Whale.prefab using Guid(f85e3056e6d31594d8f370d05da256ff) Importer(815301076,1909f56bfc062723c751e8b465ee728b)  -> (artifact id: 'bcdc5a3f44fb0471420bf1cc0bb94786') in 0.063657 seconds 
  Import took 0.067636 seconds .

========================================================================
Received Import Request.
  Time since last request: 0.000228 seconds.
  path: Assets/Whale/Objects/Whale.fbx.fbm/Whale3DCLo_default_AlbedoTransparency.png
  artifactKey: Guid(04cfa8e9a3d0a8a45879574d60c2451c) Importer(815301076,1909f56bfc062723c751e8b465ee728b)
Start importing Assets/Whale/Objects/Whale.fbx.fbm/Whale3DCLo_default_AlbedoTransparency.png using Guid(04cfa8e9a3d0a8a45879574d60c2451c) Importer(815301076,1909f56bfc062723c751e8b465ee728b)  -> (artifact id: '1384ea90c859dfec60348f1138ded1a5') in 0.010943 seconds 
  Import took 0.013987 seconds .

========================================================================
Received Import Request.
  Time since last request: 0.000181 seconds.
  path: Assets/Whale/Materials/Whale3DCLo_default_Normal.png
  artifactKey: Guid(ae5b8b1c94d1d1549aa58c87a9473c9c) Importer(815301076,1909f56bfc062723c751e8b465ee728b)
Start importing Assets/Whale/Materials/Whale3DCLo_default_Normal.png using Guid(ae5b8b1c94d1d1549aa58c87a9473c9c) Importer(815301076,1909f56bfc062723c751e8b465ee728b)  -> (artifact id: '9aab950c9e980d1c64d304406bd578b9') in 0.016035 seconds 
  Import took 0.018759 seconds .

========================================================================
Received Import Request.
  Time since last request: 0.000189 seconds.
  path: Assets/Whale/Objects/Whale.fbx.fbm/Whale3DCLo_default_MetallicSmoothness.png
  artifactKey: Guid(1d18a8d472976f3439215ffd2319a92a) Importer(815301076,1909f56bfc062723c751e8b465ee728b)
Start importing Assets/Whale/Objects/Whale.fbx.fbm/Whale3DCLo_default_MetallicSmoothness.png using Guid(1d18a8d472976f3439215ffd2319a92a) Importer(815301076,1909f56bfc062723c751e8b465ee728b)  -> (artifact id: 'd5e6627e77c63069659fff0a3df9309a') in 0.012805 seconds 
  Import took 0.015684 seconds .

========================================================================
Received Import Request.
  Time since last request: 0.000214 seconds.
  path: Assets/Whale/Objects/Whale.fbx.fbx
  artifactKey: Guid(6f012b33467426c43a1c019d350c0a03) Importer(815301076,1909f56bfc062723c751e8b465ee728b)
Start importing Assets/Whale/Objects/Whale.fbx.fbx using Guid(6f012b33467426c43a1c019d350c0a03) Importer(815301076,1909f56bfc062723c751e8b465ee728b)  -> (artifact id: 'b5edf61238320b49db640ae711fd952e') in 0.065479 seconds 
  Import took 0.068790 seconds .

========================================================================
Received Import Request.
  Time since last request: 0.000194 seconds.
  path: Assets/Whale/Materials/Whale.mat
  artifactKey: Guid(2801e1268cfebc74aa49077191afb8fe) Importer(815301076,1909f56bfc062723c751e8b465ee728b)
Start importing Assets/Whale/Materials/Whale.mat using Guid(2801e1268cfebc74aa49077191afb8fe) Importer(815301076,1909f56bfc062723c751e8b465ee728b)  -> (artifact id: 'ffd4571ff8fd83aa591fd6c264864d06') in 0.021407 seconds 
  Import took 0.024532 seconds .

========================================================================
Received Import Request.
  Time since last request: 0.000169 seconds.
  path: Assets/Whale/Objects/Whale.fbx.fbm/Whale3DCLo_default_Normal.png
  artifactKey: Guid(1360006e2e2788f4085a66429e811f9d) Importer(815301076,1909f56bfc062723c751e8b465ee728b)
Start importing Assets/Whale/Objects/Whale.fbx.fbm/Whale3DCLo_default_Normal.png using Guid(1360006e2e2788f4085a66429e811f9d) Importer(815301076,1909f56bfc062723c751e8b465ee728b)  -> (artifact id: 'c763cb15c46364fc47d96e6ace4f2368') in 0.009888 seconds 
  Import took 0.012219 seconds .

========================================================================
Received Import Request.
  Time since last request: 0.000149 seconds.
  path: Assets/Whale/Materials/Whale.mat
  artifactKey: Guid(2801e1268cfebc74aa49077191afb8fe) Importer(815301076,1909f56bfc062723c751e8b465ee728b)
Start importing Assets/Whale/Materials/Whale.mat using Guid(2801e1268cfebc74aa49077191afb8fe) Importer(815301076,1909f56bfc062723c751e8b465ee728b)  -> (artifact id: 'ffd4571ff8fd83aa591fd6c264864d06') in 0.022580 seconds 
  Import took 0.025484 seconds .

========================================================================
Received Import Request.
  Time since last request: 0.000215 seconds.
  path: Assets/Whale/Materials/Whale3DCLo_default_MetallicSmoothness.png
  artifactKey: Guid(598bddcabac2c84499093cc6cab4d352) Importer(815301076,1909f56bfc062723c751e8b465ee728b)
Start importing Assets/Whale/Materials/Whale3DCLo_default_MetallicSmoothness.png using Guid(598bddcabac2c84499093cc6cab4d352) Importer(815301076,1909f56bfc062723c751e8b465ee728b)  -> (artifact id: '8afe3334af2299b6c13b7c9f3b95f187') in 0.007729 seconds 
  Import took 0.010223 seconds .

========================================================================
Received Import Request.
  Time since last request: 15.410109 seconds.
  path: Assets/Whale/Objects/Whale.fbx.fbm
  artifactKey: Guid(6eac2436552ed294b9104c727a6e2922) Importer(815301076,1909f56bfc062723c751e8b465ee728b)
Start importing Assets/Whale/Objects/Whale.fbx.fbm using Guid(6eac2436552ed294b9104c727a6e2922) Importer(815301076,1909f56bfc062723c751e8b465ee728b)  -> (artifact id: 'eb687a77c0d0ea9584b3dc5ab65d7645') in 0.005495 seconds 
  Import took 0.008165 seconds .

========================================================================
Received Import Request.
  Time since last request: 0.000472 seconds.
  path: Assets/Whale/Objects/Whale.fbx.fbm
  artifactKey: Guid(6eac2436552ed294b9104c727a6e2922) Importer(815301076,1909f56bfc062723c751e8b465ee728b)
Start importing Assets/Whale/Objects/Whale.fbx.fbm using Guid(6eac2436552ed294b9104c727a6e2922) Importer(815301076,1909f56bfc062723c751e8b465ee728b)  -> (artifact id: 'eb687a77c0d0ea9584b3dc5ab65d7645') in 0.001772 seconds 
  Import took 0.003504 seconds .

========================================================================
Received Prepare
Registering precompiled user dll's ...
Registered in 0.003267 seconds.
Begin MonoManager ReloadAssembly
Native extension for WindowsStandalone target not found
Refreshing native plugins compatible for Editor in 0.48 ms, found 2 plugins.
Preloading 0 native plugins for Editor in 0.00 ms.
Mono: successfully reloaded assembly
- Completed reload, in  0.845 seconds
Domain Reload Profiling:
	ReloadAssembly (846ms)
		BeginReloadAssembly (101ms)
			ExecutionOrderSort (0ms)
			DisableScriptedObjects (3ms)
			BackupInstance (0ms)
			ReleaseScriptingObjects (0ms)
			CreateAndSetChildDomain (32ms)
		EndReloadAssembly (690ms)
			LoadAssemblies (65ms)
			RebuildTransferFunctionScriptingTraits (0ms)
			SetupTypeCache (229ms)
			ReleaseScriptCaches (1ms)
			RebuildScriptCaches (32ms)
			SetupLoadedEditorAssemblies (287ms)
				LogAssemblyErrors (0ms)
				InitializePlatformSupportModulesInManaged (4ms)
				SetLoadedEditorAssemblies (0ms)
				RefreshPlugins (1ms)
				BeforeProcessingInitializeOnLoad (63ms)
				ProcessInitializeOnLoadAttributes (210ms)
				ProcessInitializeOnLoadMethodAttributes (3ms)
				AfterProcessingInitializeOnLoad (6ms)
				EditorAssembliesLoaded (0ms)
			ExecutionOrderSort2 (0ms)
			AwakeInstancesAfterBackupRestoration (5ms)
Platform modules already initialized, skipping
Shader 'WFX/Transparent Diffuse': fallback shader 'Particles/Alpha Blended' not found
Shader 'WFX/Transparent Specular': fallback shader 'Particles/Alpha Blended' not found
Refreshing native plugins compatible for Editor in 0.50 ms, found 2 plugins.
Preloading 0 native plugins for Editor in 0.00 ms.
Unloading 1562 Unused Serialized files (Serialized files now loaded: 0)
System memory in use before: 175.0 MB.
System memory in use after: 175.1 MB.

Unloading 14 unused Assets to reduce memory usage. Loaded Objects now: 2102.
Total: 2.905000 ms (FindLiveObjects: 0.227800 ms CreateObjectMapping: 0.035800 ms MarkObjects: 2.623600 ms  DeleteObjects: 0.016900 ms)

AssetImportParameters requested are different than current active one (requested -> active):
  custom:framework-win-MediaFoundation: 216162199b28c13a410421893ffa2e32 -> 
  custom:video-decoder-ogg-theora: a1e56fd34408186e4bbccfd4996cb3dc -> 
  custom:container-muxer-webm: aa71ff27fc2769a1b78a27578f13a17b -> 
  custom:container-demuxer-webm: 4f35f7cbe854078d1ac9338744f61a02 -> 
  custom:container-demuxer-ogg: 62fdf1f143b41e24485cea50d1cbac27 -> 
  custom:video-encoder-webm-vp8: eb34c28f22e8b96e1ab97ce403110664 -> 
  custom:video-decoder-webm-vp8: 9c59270c3fd7afecdb556c50c9e8de78 -> 
  custom:audio-decoder-ogg-vorbis: bf7c407c2cedff20999df2af8eb42d56 -> 
  custom:audio-encoder-webm-vorbis: bf7c407c2cedff20999df2af8eb42d56 -> 
========================================================================
Received Prepare
Registering precompiled user dll's ...
Registered in 0.003317 seconds.
Begin MonoManager ReloadAssembly
Native extension for WindowsStandalone target not found
Refreshing native plugins compatible for Editor in 0.53 ms, found 2 plugins.
Preloading 0 native plugins for Editor in 0.00 ms.
Mono: successfully reloaded assembly
- Completed reload, in  0.835 seconds
Domain Reload Profiling:
	ReloadAssembly (836ms)
		BeginReloadAssembly (94ms)
			ExecutionOrderSort (0ms)
			DisableScriptedObjects (4ms)
			BackupInstance (0ms)
			ReleaseScriptingObjects (0ms)
			CreateAndSetChildDomain (29ms)
		EndReloadAssembly (687ms)
			LoadAssemblies (68ms)
			RebuildTransferFunctionScriptingTraits (0ms)
			SetupTypeCache (225ms)
			ReleaseScriptCaches (1ms)
			RebuildScriptCaches (34ms)
			SetupLoadedEditorAssemblies (284ms)
				LogAssemblyErrors (0ms)
				InitializePlatformSupportModulesInManaged (4ms)
				SetLoadedEditorAssemblies (0ms)
				RefreshPlugins (1ms)
				BeforeProcessingInitializeOnLoad (66ms)
				ProcessInitializeOnLoadAttributes (204ms)
				ProcessInitializeOnLoadMethodAttributes (3ms)
				AfterProcessingInitializeOnLoad (5ms)
				EditorAssembliesLoaded (0ms)
			ExecutionOrderSort2 (0ms)
			AwakeInstancesAfterBackupRestoration (5ms)
Platform modules already initialized, skipping
Shader 'WFX/Transparent Diffuse': fallback shader 'Particles/Alpha Blended' not found
Shader 'WFX/Transparent Specular': fallback shader 'Particles/Alpha Blended' not found
Refreshing native plugins compatible for Editor in 0.47 ms, found 2 plugins.
Preloading 0 native plugins for Editor in 0.00 ms.
Unloading 1562 Unused Serialized files (Serialized files now loaded: 0)
System memory in use before: 175.1 MB.
System memory in use after: 175.2 MB.

Unloading 14 unused Assets to reduce memory usage. Loaded Objects now: 2104.
Total: 2.820300 ms (FindLiveObjects: 0.220900 ms CreateObjectMapping: 0.036100 ms MarkObjects: 2.547800 ms  DeleteObjects: 0.014400 ms)

AssetImportParameters requested are different than current active one (requested -> active):
  custom:framework-win-MediaFoundation: 216162199b28c13a410421893ffa2e32 -> 
  custom:video-decoder-ogg-theora: a1e56fd34408186e4bbccfd4996cb3dc -> 
  custom:container-muxer-webm: aa71ff27fc2769a1b78a27578f13a17b -> 
  custom:container-demuxer-webm: 4f35f7cbe854078d1ac9338744f61a02 -> 
  custom:container-demuxer-ogg: 62fdf1f143b41e24485cea50d1cbac27 -> 
  custom:video-encoder-webm-vp8: eb34c28f22e8b96e1ab97ce403110664 -> 
  custom:video-decoder-webm-vp8: 9c59270c3fd7afecdb556c50c9e8de78 -> 
  custom:audio-decoder-ogg-vorbis: bf7c407c2cedff20999df2af8eb42d56 -> 
  custom:audio-encoder-webm-vorbis: bf7c407c2cedff20999df2af8eb42d56 -> 
========================================================================
Received Import Request.
  Time since last request: 82.889779 seconds.
  path: Assets/scripts/EnemySpawner.cs
  artifactKey: Guid(aec11785ace708b469d57db55a0afdda) Importer(815301076,1909f56bfc062723c751e8b465ee728b)
Start importing Assets/scripts/EnemySpawner.cs using Guid(aec11785ace708b469d57db55a0afdda) Importer(815301076,1909f56bfc062723c751e8b465ee728b)  -> (artifact id: '0dd399c1c6902f53062647ae2a97d94a') in 0.015454 seconds 
  Import took 0.018011 seconds .

========================================================================
Received Import Request.
  Time since last request: 26.350762 seconds.
  path: Assets/Prefabs/enemy.prefab
  artifactKey: Guid(fead60d1f8b4ffb4a9e3d24270a2c147) Importer(815301076,1909f56bfc062723c751e8b465ee728b)
Start importing Assets/Prefabs/enemy.prefab using Guid(fead60d1f8b4ffb4a9e3d24270a2c147) Importer(815301076,1909f56bfc062723c751e8b465ee728b)  -> (artifact id: '4e11c5aa56dac76c9dc662ab6a3d9df0') in 0.052548 seconds 
  Import took 0.055394 seconds .

========================================================================
Received Import Request.
  Time since last request: 0.000210 seconds.
  path: Assets/Prefabs/ThirdPersonPlayer.prefab
  artifactKey: Guid(6c3ce0e3a7e2f6242b799996c369b47a) Importer(815301076,1909f56bfc062723c751e8b465ee728b)
Start importing Assets/Prefabs/ThirdPersonPlayer.prefab using Guid(6c3ce0e3a7e2f6242b799996c369b47a) Importer(815301076,1909f56bfc062723c751e8b465ee728b)  -> (artifact id: '714b32195a28afe5ac5eb9455a223193') in 0.048146 seconds 
  Import took 0.051068 seconds .

========================================================================
Received Prepare
Registering precompiled user dll's ...
Registered in 0.003209 seconds.
Begin MonoManager ReloadAssembly
Native extension for WindowsStandalone target not found
Refreshing native plugins compatible for Editor in 0.47 ms, found 2 plugins.
Preloading 0 native plugins for Editor in 0.00 ms.
Mono: successfully reloaded assembly
- Completed reload, in  0.831 seconds
Domain Reload Profiling:
	ReloadAssembly (831ms)
		BeginReloadAssembly (93ms)
			ExecutionOrderSort (0ms)
			DisableScriptedObjects (3ms)
			BackupInstance (0ms)
			ReleaseScriptingObjects (0ms)
			CreateAndSetChildDomain (30ms)
		EndReloadAssembly (683ms)
			LoadAssemblies (70ms)
			RebuildTransferFunctionScriptingTraits (0ms)
			SetupTypeCache (224ms)
			ReleaseScriptCaches (1ms)
			RebuildScriptCaches (31ms)
			SetupLoadedEditorAssemblies (285ms)
				LogAssemblyErrors (0ms)
				InitializePlatformSupportModulesInManaged (4ms)
				SetLoadedEditorAssemblies (0ms)
				RefreshPlugins (1ms)
				BeforeProcessingInitializeOnLoad (63ms)
				ProcessInitializeOnLoadAttributes (208ms)
				ProcessInitializeOnLoadMethodAttributes (3ms)
				AfterProcessingInitializeOnLoad (5ms)
				EditorAssembliesLoaded (0ms)
			ExecutionOrderSort2 (0ms)
			AwakeInstancesAfterBackupRestoration (5ms)
Platform modules already initialized, skipping
Shader 'WFX/Transparent Diffuse': fallback shader 'Particles/Alpha Blended' not found
Shader 'WFX/Transparent Specular': fallback shader 'Particles/Alpha Blended' not found
Refreshing native plugins compatible for Editor in 0.58 ms, found 2 plugins.
Preloading 0 native plugins for Editor in 0.00 ms.
Unloading 1562 Unused Serialized files (Serialized files now loaded: 0)
System memory in use before: 175.3 MB.
System memory in use after: 175.4 MB.

Unloading 17 unused Assets to reduce memory usage. Loaded Objects now: 2112.
Total: 2.899500 ms (FindLiveObjects: 0.175700 ms CreateObjectMapping: 0.037300 ms MarkObjects: 2.640000 ms  DeleteObjects: 0.045600 ms)

AssetImportParameters requested are different than current active one (requested -> active):
  custom:framework-win-MediaFoundation: 216162199b28c13a410421893ffa2e32 -> 
  custom:video-decoder-ogg-theora: a1e56fd34408186e4bbccfd4996cb3dc -> 
  custom:container-muxer-webm: aa71ff27fc2769a1b78a27578f13a17b -> 
  custom:container-demuxer-webm: 4f35f7cbe854078d1ac9338744f61a02 -> 
  custom:container-demuxer-ogg: 62fdf1f143b41e24485cea50d1cbac27 -> 
  custom:video-encoder-webm-vp8: eb34c28f22e8b96e1ab97ce403110664 -> 
  custom:video-decoder-webm-vp8: 9c59270c3fd7afecdb556c50c9e8de78 -> 
  custom:audio-decoder-ogg-vorbis: bf7c407c2cedff20999df2af8eb42d56 -> 
  custom:audio-encoder-webm-vorbis: bf7c407c2cedff20999df2af8eb42d56 -> 
========================================================================
Received Import Request.
  Time since last request: 210.324602 seconds.
  path: Assets/Prefabs/enemy.prefab
  artifactKey: Guid(fead60d1f8b4ffb4a9e3d24270a2c147) Importer(815301076,1909f56bfc062723c751e8b465ee728b)
Start importing Assets/Prefabs/enemy.prefab using Guid(fead60d1f8b4ffb4a9e3d24270a2c147) Importer(815301076,1909f56bfc062723c751e8b465ee728b)  -> (artifact id: '070f50c2561353bed9a5f0692ddcb0ce') in 0.060409 seconds 
  Import took 0.064347 seconds .

========================================================================
Received Prepare
Registering precompiled user dll's ...
Registered in 0.003178 seconds.
Begin MonoManager ReloadAssembly
Native extension for WindowsStandalone target not found
Refreshing native plugins compatible for Editor in 0.47 ms, found 2 plugins.
Preloading 0 native plugins for Editor in 0.00 ms.
Mono: successfully reloaded assembly
- Completed reload, in  0.816 seconds
Domain Reload Profiling:
	ReloadAssembly (816ms)
		BeginReloadAssembly (91ms)
			ExecutionOrderSort (0ms)
			DisableScriptedObjects (3ms)
			BackupInstance (0ms)
			ReleaseScriptingObjects (0ms)
			CreateAndSetChildDomain (30ms)
		EndReloadAssembly (674ms)
			LoadAssemblies (65ms)
			RebuildTransferFunctionScriptingTraits (0ms)
			SetupTypeCache (211ms)
			ReleaseScriptCaches (1ms)
			RebuildScriptCaches (31ms)
			SetupLoadedEditorAssemblies (289ms)
				LogAssemblyErrors (0ms)
				InitializePlatformSupportModulesInManaged (4ms)
				SetLoadedEditorAssemblies (0ms)
				RefreshPlugins (1ms)
				BeforeProcessingInitializeOnLoad (65ms)
				ProcessInitializeOnLoadAttributes (210ms)
				ProcessInitializeOnLoadMethodAttributes (3ms)
				AfterProcessingInitializeOnLoad (5ms)
				EditorAssembliesLoaded (0ms)
			ExecutionOrderSort2 (0ms)
			AwakeInstancesAfterBackupRestoration (5ms)
Platform modules already initialized, skipping
Shader 'WFX/Transparent Diffuse': fallback shader 'Particles/Alpha Blended' not found
Shader 'WFX/Transparent Specular': fallback shader 'Particles/Alpha Blended' not found
Refreshing native plugins compatible for Editor in 0.96 ms, found 2 plugins.
Preloading 0 native plugins for Editor in 0.00 ms.
Unloading 1562 Unused Serialized files (Serialized files now loaded: 0)
System memory in use before: 175.3 MB.
System memory in use after: 175.4 MB.

Unloading 14 unused Assets to reduce memory usage. Loaded Objects now: 2115.
Total: 2.783700 ms (FindLiveObjects: 0.205000 ms CreateObjectMapping: 0.035300 ms MarkObjects: 2.527000 ms  DeleteObjects: 0.015700 ms)

AssetImportParameters requested are different than current active one (requested -> active):
  custom:framework-win-MediaFoundation: 216162199b28c13a410421893ffa2e32 -> 
  custom:video-decoder-ogg-theora: a1e56fd34408186e4bbccfd4996cb3dc -> 
  custom:container-muxer-webm: aa71ff27fc2769a1b78a27578f13a17b -> 
  custom:container-demuxer-webm: 4f35f7cbe854078d1ac9338744f61a02 -> 
  custom:container-demuxer-ogg: 62fdf1f143b41e24485cea50d1cbac27 -> 
  custom:video-encoder-webm-vp8: eb34c28f22e8b96e1ab97ce403110664 -> 
  custom:video-decoder-webm-vp8: 9c59270c3fd7afecdb556c50c9e8de78 -> 
  custom:audio-decoder-ogg-vorbis: bf7c407c2cedff20999df2af8eb42d56 -> 
  custom:audio-encoder-webm-vorbis: bf7c407c2cedff20999df2af8eb42d56 -> 
========================================================================
Received Import Request.
  Time since last request: 11.703518 seconds.
  path: Assets/Prefabs/enemy.prefab
  artifactKey: Guid(fead60d1f8b4ffb4a9e3d24270a2c147) Importer(815301076,1909f56bfc062723c751e8b465ee728b)
Start importing Assets/Prefabs/enemy.prefab using Guid(fead60d1f8b4ffb4a9e3d24270a2c147) Importer(815301076,1909f56bfc062723c751e8b465ee728b)  -> (artifact id: '366d895d83d6d08933f8021128e90523') in 0.059155 seconds 
  Import took 0.062698 seconds .

========================================================================
Received Import Request.
  Time since last request: 1.358797 seconds.
  path: Assets/Prefabs/enemy.prefab
  artifactKey: Guid(fead60d1f8b4ffb4a9e3d24270a2c147) Importer(815301076,1909f56bfc062723c751e8b465ee728b)
Start importing Assets/Prefabs/enemy.prefab using Guid(fead60d1f8b4ffb4a9e3d24270a2c147) Importer(815301076,1909f56bfc062723c751e8b465ee728b)  -> (artifact id: 'c5f20f3cc00cbe54914b5cad9de005b2') in 0.019375 seconds 
  Import took 0.023017 seconds .

========================================================================
Received Import Request.
  Time since last request: 2.386667 seconds.
  path: Assets/Prefabs/enemy.prefab
  artifactKey: Guid(fead60d1f8b4ffb4a9e3d24270a2c147) Importer(815301076,1909f56bfc062723c751e8b465ee728b)
Start importing Assets/Prefabs/enemy.prefab using Guid(fead60d1f8b4ffb4a9e3d24270a2c147) Importer(815301076,1909f56bfc062723c751e8b465ee728b)  -> (artifact id: 'f51cf2aa9a2ad855524808bf1619affa') in 0.022619 seconds 
  Import took 0.026662 seconds .

========================================================================
Received Import Request.
  Time since last request: 3.545410 seconds.
  path: Assets/Prefabs/enemy.prefab
  artifactKey: Guid(fead60d1f8b4ffb4a9e3d24270a2c147) Importer(815301076,1909f56bfc062723c751e8b465ee728b)
Start importing Assets/Prefabs/enemy.prefab using Guid(fead60d1f8b4ffb4a9e3d24270a2c147) Importer(815301076,1909f56bfc062723c751e8b465ee728b)  -> (artifact id: 'ce28911a1fa1eabef64923521166b40d') in 0.020149 seconds 
  Import took 0.023857 seconds .

========================================================================
Received Import Request.
  Time since last request: 5.607145 seconds.
  path: Assets/Prefabs/enemy.prefab
  artifactKey: Guid(fead60d1f8b4ffb4a9e3d24270a2c147) Importer(815301076,1909f56bfc062723c751e8b465ee728b)
Start importing Assets/Prefabs/enemy.prefab using Guid(fead60d1f8b4ffb4a9e3d24270a2c147) Importer(815301076,1909f56bfc062723c751e8b465ee728b)  -> (artifact id: 'cdf10afd1bff375338191fb6603f813b') in 0.023692 seconds 
  Import took 0.027393 seconds .

========================================================================
Received Import Request.
  Time since last request: 7.420606 seconds.
  path: Assets/Prefabs/enemy.prefab
  artifactKey: Guid(fead60d1f8b4ffb4a9e3d24270a2c147) Importer(815301076,1909f56bfc062723c751e8b465ee728b)
Start importing Assets/Prefabs/enemy.prefab using Guid(fead60d1f8b4ffb4a9e3d24270a2c147) Importer(815301076,1909f56bfc062723c751e8b465ee728b)  -> (artifact id: '6d8ba8ff1a6d6339fdf17e8b927bfd93') in 0.021123 seconds 
  Import took 0.025114 seconds .

========================================================================
Received Import Request.
  Time since last request: 3.999298 seconds.
  path: Assets/Prefabs/enemy.prefab
  artifactKey: Guid(fead60d1f8b4ffb4a9e3d24270a2c147) Importer(815301076,1909f56bfc062723c751e8b465ee728b)
Start importing Assets/Prefabs/enemy.prefab using Guid(fead60d1f8b4ffb4a9e3d24270a2c147) Importer(815301076,1909f56bfc062723c751e8b465ee728b)  -> (artifact id: 'b6a617f9e1bf4e7f484c92243e365188') in 0.017175 seconds 
  Import took 0.020786 seconds .

========================================================================
Received Import Request.
  Time since last request: 26.754156 seconds.
  path: Assets/Prefabs/enemy.prefab
  artifactKey: Guid(fead60d1f8b4ffb4a9e3d24270a2c147) Importer(815301076,1909f56bfc062723c751e8b465ee728b)
Start importing Assets/Prefabs/enemy.prefab using Guid(fead60d1f8b4ffb4a9e3d24270a2c147) Importer(815301076,1909f56bfc062723c751e8b465ee728b)  -> (artifact id: '763d0f297c119859c8c63d0935fff854') in 0.019847 seconds 
  Import took 0.023520 seconds .

========================================================================
Received Import Request.
  Time since last request: 6.414922 seconds.
  path: Assets/Prefabs/enemy.prefab
  artifactKey: Guid(fead60d1f8b4ffb4a9e3d24270a2c147) Importer(815301076,1909f56bfc062723c751e8b465ee728b)
Start importing Assets/Prefabs/enemy.prefab using Guid(fead60d1f8b4ffb4a9e3d24270a2c147) Importer(815301076,1909f56bfc062723c751e8b465ee728b)  -> (artifact id: 'd95a2234cd3f2a3fe37ee5b4b196de32') in 0.018917 seconds 
  Import took 0.023047 seconds .

========================================================================
Received Import Request.
  Time since last request: 4.216751 seconds.
  path: Assets/Prefabs/enemy.prefab
  artifactKey: Guid(fead60d1f8b4ffb4a9e3d24270a2c147) Importer(815301076,1909f56bfc062723c751e8b465ee728b)
Start importing Assets/Prefabs/enemy.prefab using Guid(fead60d1f8b4ffb4a9e3d24270a2c147) Importer(815301076,1909f56bfc062723c751e8b465ee728b)  -> (artifact id: 'dd6db0be4efd5b974bf34b15f1102d8f') in 0.019900 seconds 
  Import took 0.024070 seconds .

========================================================================
Received Prepare
Registering precompiled user dll's ...
Registered in 0.003769 seconds.
Begin MonoManager ReloadAssembly
Native extension for WindowsStandalone target not found
Refreshing native plugins compatible for Editor in 0.49 ms, found 2 plugins.
Preloading 0 native plugins for Editor in 0.00 ms.
Mono: successfully reloaded assembly
- Completed reload, in  0.829 seconds
Domain Reload Profiling:
	ReloadAssembly (829ms)
		BeginReloadAssembly (89ms)
			ExecutionOrderSort (0ms)
			DisableScriptedObjects (4ms)
			BackupInstance (0ms)
			ReleaseScriptingObjects (0ms)
			CreateAndSetChildDomain (30ms)
		EndReloadAssembly (688ms)
			LoadAssemblies (68ms)
			RebuildTransferFunctionScriptingTraits (0ms)
			SetupTypeCache (211ms)
			ReleaseScriptCaches (1ms)
			RebuildScriptCaches (33ms)
			SetupLoadedEditorAssemblies (300ms)
				LogAssemblyErrors (0ms)
				InitializePlatformSupportModulesInManaged (4ms)
				SetLoadedEditorAssemblies (0ms)
				RefreshPlugins (1ms)
				BeforeProcessingInitializeOnLoad (68ms)
				ProcessInitializeOnLoadAttributes (219ms)
				ProcessInitializeOnLoadMethodAttributes (3ms)
				AfterProcessingInitializeOnLoad (5ms)
				EditorAssembliesLoaded (0ms)
			ExecutionOrderSort2 (0ms)
			AwakeInstancesAfterBackupRestoration (5ms)
Platform modules already initialized, skipping
Shader 'WFX/Transparent Diffuse': fallback shader 'Particles/Alpha Blended' not found
Shader 'WFX/Transparent Specular': fallback shader 'Particles/Alpha Blended' not found
Refreshing native plugins compatible for Editor in 0.47 ms, found 2 plugins.
Preloading 0 native plugins for Editor in 0.00 ms.
Unloading 1562 Unused Serialized files (Serialized files now loaded: 0)
System memory in use before: 175.3 MB.
System memory in use after: 175.4 MB.

Unloading 15 unused Assets to reduce memory usage. Loaded Objects now: 2118.
Total: 2.937600 ms (FindLiveObjects: 0.193000 ms CreateObjectMapping: 0.036000 ms MarkObjects: 2.686200 ms  DeleteObjects: 0.021200 ms)

AssetImportParameters requested are different than current active one (requested -> active):
  custom:framework-win-MediaFoundation: 216162199b28c13a410421893ffa2e32 -> 
  custom:video-decoder-ogg-theora: a1e56fd34408186e4bbccfd4996cb3dc -> 
  custom:container-muxer-webm: aa71ff27fc2769a1b78a27578f13a17b -> 
  custom:container-demuxer-webm: 4f35f7cbe854078d1ac9338744f61a02 -> 
  custom:container-demuxer-ogg: 62fdf1f143b41e24485cea50d1cbac27 -> 
  custom:video-encoder-webm-vp8: eb34c28f22e8b96e1ab97ce403110664 -> 
  custom:video-decoder-webm-vp8: 9c59270c3fd7afecdb556c50c9e8de78 -> 
  custom:audio-decoder-ogg-vorbis: bf7c407c2cedff20999df2af8eb42d56 -> 
  custom:audio-encoder-webm-vorbis: bf7c407c2cedff20999df2af8eb42d56 -> 
========================================================================
Received Import Request.
  Time since last request: 86.792752 seconds.
  path: Assets/Prefabs/enemy.prefab
  artifactKey: Guid(fead60d1f8b4ffb4a9e3d24270a2c147) Importer(815301076,1909f56bfc062723c751e8b465ee728b)
Start importing Assets/Prefabs/enemy.prefab using Guid(fead60d1f8b4ffb4a9e3d24270a2c147) Importer(815301076,1909f56bfc062723c751e8b465ee728b)  -> (artifact id: 'd734e133ef9c049b0cd2d0d6d95c8eb3') in 0.055196 seconds 
  Import took 0.058976 seconds .

========================================================================
Received Import Request.
  Time since last request: 3.315401 seconds.
  path: Assets/Prefabs/enemy.prefab
  artifactKey: Guid(fead60d1f8b4ffb4a9e3d24270a2c147) Importer(815301076,1909f56bfc062723c751e8b465ee728b)
Start importing Assets/Prefabs/enemy.prefab using Guid(fead60d1f8b4ffb4a9e3d24270a2c147) Importer(815301076,1909f56bfc062723c751e8b465ee728b)  -> (artifact id: 'c17948284ce663fedff4e5628ad73b9f') in 0.021120 seconds 
  Import took 0.024896 seconds .

========================================================================
Received Import Request.
  Time since last request: 3.121705 seconds.
  path: Assets/Prefabs/enemy.prefab
  artifactKey: Guid(fead60d1f8b4ffb4a9e3d24270a2c147) Importer(815301076,1909f56bfc062723c751e8b465ee728b)
Start importing Assets/Prefabs/enemy.prefab using Guid(fead60d1f8b4ffb4a9e3d24270a2c147) Importer(815301076,1909f56bfc062723c751e8b465ee728b)  -> (artifact id: 'f88cefd25cf9b9861f74c8a4ea1d89f2') in 0.017635 seconds 
  Import took 0.022051 seconds .

========================================================================
Received Prepare
Registering precompiled user dll's ...
Registered in 0.003356 seconds.
Begin MonoManager ReloadAssembly
Native extension for WindowsStandalone target not found
Refreshing native plugins compatible for Editor in 0.48 ms, found 2 plugins.
Preloading 0 native plugins for Editor in 0.00 ms.
Mono: successfully reloaded assembly
- Completed reload, in  0.828 seconds
Domain Reload Profiling:
	ReloadAssembly (829ms)
		BeginReloadAssembly (103ms)
			ExecutionOrderSort (0ms)
			DisableScriptedObjects (4ms)
			BackupInstance (0ms)
			ReleaseScriptingObjects (0ms)
			CreateAndSetChildDomain (30ms)
		EndReloadAssembly (675ms)
			LoadAssemblies (69ms)
			RebuildTransferFunctionScriptingTraits (0ms)
			SetupTypeCache (209ms)
			ReleaseScriptCaches (1ms)
			RebuildScriptCaches (32ms)
			SetupLoadedEditorAssemblies (290ms)
				LogAssemblyErrors (0ms)
				InitializePlatformSupportModulesInManaged (4ms)
				SetLoadedEditorAssemblies (0ms)
				RefreshPlugins (1ms)
				BeforeProcessingInitializeOnLoad (66ms)
				ProcessInitializeOnLoadAttributes (210ms)
				ProcessInitializeOnLoadMethodAttributes (3ms)
				AfterProcessingInitializeOnLoad (6ms)
				EditorAssembliesLoaded (0ms)
			ExecutionOrderSort2 (0ms)
			AwakeInstancesAfterBackupRestoration (5ms)
Platform modules already initialized, skipping
Shader 'WFX/Transparent Diffuse': fallback shader 'Particles/Alpha Blended' not found
Shader 'WFX/Transparent Specular': fallback shader 'Particles/Alpha Blended' not found
Refreshing native plugins compatible for Editor in 0.52 ms, found 2 plugins.
Preloading 0 native plugins for Editor in 0.00 ms.
Unloading 1562 Unused Serialized files (Serialized files now loaded: 0)
System memory in use before: 175.4 MB.
System memory in use after: 175.5 MB.

Unloading 14 unused Assets to reduce memory usage. Loaded Objects now: 2121.
Total: 2.736300 ms (FindLiveObjects: 0.186200 ms CreateObjectMapping: 0.036900 ms MarkObjects: 2.496700 ms  DeleteObjects: 0.015600 ms)

AssetImportParameters requested are different than current active one (requested -> active):
  custom:framework-win-MediaFoundation: 216162199b28c13a410421893ffa2e32 -> 
  custom:video-decoder-ogg-theora: a1e56fd34408186e4bbccfd4996cb3dc -> 
  custom:container-muxer-webm: aa71ff27fc2769a1b78a27578f13a17b -> 
  custom:container-demuxer-webm: 4f35f7cbe854078d1ac9338744f61a02 -> 
  custom:container-demuxer-ogg: 62fdf1f143b41e24485cea50d1cbac27 -> 
  custom:video-encoder-webm-vp8: eb34c28f22e8b96e1ab97ce403110664 -> 
  custom:video-decoder-webm-vp8: 9c59270c3fd7afecdb556c50c9e8de78 -> 
  custom:audio-decoder-ogg-vorbis: bf7c407c2cedff20999df2af8eb42d56 -> 
  custom:audio-encoder-webm-vorbis: bf7c407c2cedff20999df2af8eb42d56 -> 
========================================================================
Received Import Request.
  Time since last request: 136.197350 seconds.
  path: Assets/Prefabs/enemy.prefab
  artifactKey: Guid(fead60d1f8b4ffb4a9e3d24270a2c147) Importer(815301076,1909f56bfc062723c751e8b465ee728b)
Start importing Assets/Prefabs/enemy.prefab using Guid(fead60d1f8b4ffb4a9e3d24270a2c147) Importer(815301076,1909f56bfc062723c751e8b465ee728b)  -> (artifact id: 'dbd39dcd41ad884b045c4b8b357fe13a') in 0.059066 seconds 
  Import took 0.062716 seconds .

========================================================================
Received Import Request.
  Time since last request: 2.071973 seconds.
  path: Assets/Prefabs/enemy.prefab
  artifactKey: Guid(fead60d1f8b4ffb4a9e3d24270a2c147) Importer(815301076,1909f56bfc062723c751e8b465ee728b)
Start importing Assets/Prefabs/enemy.prefab using Guid(fead60d1f8b4ffb4a9e3d24270a2c147) Importer(815301076,1909f56bfc062723c751e8b465ee728b)  -> (artifact id: '284ef65277bf4afaeb20c6a3cf01253b') in 0.020511 seconds 
  Import took 0.024018 seconds .

========================================================================
Received Import Request.
  Time since last request: 5.036130 seconds.
  path: Assets/Prefabs/enemy.prefab
  artifactKey: Guid(fead60d1f8b4ffb4a9e3d24270a2c147) Importer(815301076,1909f56bfc062723c751e8b465ee728b)
Start importing Assets/Prefabs/enemy.prefab using Guid(fead60d1f8b4ffb4a9e3d24270a2c147) Importer(815301076,1909f56bfc062723c751e8b465ee728b)  -> (artifact id: '4bf27391df6363a1f511a00b0f81a745') in 0.023635 seconds 
  Import took 0.027193 seconds .

========================================================================
Received Import Request.
  Time since last request: 18.283724 seconds.
  path: Assets/Prefabs/enemy.prefab
  artifactKey: Guid(fead60d1f8b4ffb4a9e3d24270a2c147) Importer(815301076,1909f56bfc062723c751e8b465ee728b)
Start importing Assets/Prefabs/enemy.prefab using Guid(fead60d1f8b4ffb4a9e3d24270a2c147) Importer(815301076,1909f56bfc062723c751e8b465ee728b)  -> (artifact id: 'ca598d2a26f39bd3f0f29dcae207e88d') in 0.017093 seconds 
  Import took 0.021130 seconds .

========================================================================
Received Import Request.
  Time since last request: 26.761505 seconds.
  path: Assets/Prefabs/enemy.prefab
  artifactKey: Guid(fead60d1f8b4ffb4a9e3d24270a2c147) Importer(815301076,1909f56bfc062723c751e8b465ee728b)
Start importing Assets/Prefabs/enemy.prefab using Guid(fead60d1f8b4ffb4a9e3d24270a2c147) Importer(815301076,1909f56bfc062723c751e8b465ee728b)  -> (artifact id: 'd5874af4c07f56f3283582c15823daa1') in 0.019506 seconds 
  Import took 0.023322 seconds .

========================================================================
Received Import Request.
  Time since last request: 39.292095 seconds.
  path: Assets/Prefabs/enemy.prefab
  artifactKey: Guid(fead60d1f8b4ffb4a9e3d24270a2c147) Importer(815301076,1909f56bfc062723c751e8b465ee728b)
Start importing Assets/Prefabs/enemy.prefab using Guid(fead60d1f8b4ffb4a9e3d24270a2c147) Importer(815301076,1909f56bfc062723c751e8b465ee728b)  -> (artifact id: '5d64fd280245ad27dd035f6060707e59') in 0.016887 seconds 
  Import took 0.020394 seconds .

========================================================================
Received Import Request.
  Time since last request: 9.327594 seconds.
  path: Assets/Prefabs/enemy.prefab
  artifactKey: Guid(fead60d1f8b4ffb4a9e3d24270a2c147) Importer(815301076,1909f56bfc062723c751e8b465ee728b)
Start importing Assets/Prefabs/enemy.prefab using Guid(fead60d1f8b4ffb4a9e3d24270a2c147) Importer(815301076,1909f56bfc062723c751e8b465ee728b)  -> (artifact id: '27560ae6152d1177a4afa27cd5dc9aab') in 0.019291 seconds 
  Import took 0.023196 seconds .

========================================================================
Received Import Request.
  Time since last request: 136.135474 seconds.
  path: Assets/Prefabs/enemy.prefab
  artifactKey: Guid(fead60d1f8b4ffb4a9e3d24270a2c147) Importer(815301076,1909f56bfc062723c751e8b465ee728b)
Start importing Assets/Prefabs/enemy.prefab using Guid(fead60d1f8b4ffb4a9e3d24270a2c147) Importer(815301076,1909f56bfc062723c751e8b465ee728b)  -> (artifact id: 'a3a20c72cbe574dd97cb68cdca999732') in 0.019100 seconds 
  Import took 0.022833 seconds .

========================================================================
Received Import Request.
  Time since last request: 3.997215 seconds.
  path: Assets/Prefabs/enemy.prefab
  artifactKey: Guid(fead60d1f8b4ffb4a9e3d24270a2c147) Importer(815301076,1909f56bfc062723c751e8b465ee728b)
Start importing Assets/Prefabs/enemy.prefab using Guid(fead60d1f8b4ffb4a9e3d24270a2c147) Importer(815301076,1909f56bfc062723c751e8b465ee728b)  -> (artifact id: '96d7726ec45535b93112602700f84ac0') in 0.018867 seconds 
  Import took 0.022509 seconds .

========================================================================
Received Import Request.
  Time since last request: 3.195662 seconds.
  path: Assets/Prefabs/enemy.prefab
  artifactKey: Guid(fead60d1f8b4ffb4a9e3d24270a2c147) Importer(815301076,1909f56bfc062723c751e8b465ee728b)
Start importing Assets/Prefabs/enemy.prefab using Guid(fead60d1f8b4ffb4a9e3d24270a2c147) Importer(815301076,1909f56bfc062723c751e8b465ee728b)  -> (artifact id: '8e1ec97c0127494e2dbcd9b42a53e797') in 0.020259 seconds 
  Import took 0.023805 seconds .

========================================================================
Received Import Request.
  Time since last request: 18.485915 seconds.
  path: Assets/Prefabs/enemy.prefab
  artifactKey: Guid(fead60d1f8b4ffb4a9e3d24270a2c147) Importer(815301076,1909f56bfc062723c751e8b465ee728b)
Start importing Assets/Prefabs/enemy.prefab using Guid(fead60d1f8b4ffb4a9e3d24270a2c147) Importer(815301076,1909f56bfc062723c751e8b465ee728b)  -> (artifact id: '8514bb2356f3a3839d474633970874d7') in 0.020097 seconds 
  Import took 0.023638 seconds .

========================================================================
Received Import Request.
  Time since last request: 18.453976 seconds.
  path: Assets/Prefabs/enemy.prefab
  artifactKey: Guid(fead60d1f8b4ffb4a9e3d24270a2c147) Importer(815301076,1909f56bfc062723c751e8b465ee728b)
Start importing Assets/Prefabs/enemy.prefab using Guid(fead60d1f8b4ffb4a9e3d24270a2c147) Importer(815301076,1909f56bfc062723c751e8b465ee728b)  -> (artifact id: '81cf350ad758728b61e1d1466ca9470c') in 0.017280 seconds 
  Import took 0.020842 seconds .

========================================================================
Received Import Request.
  Time since last request: 252.418029 seconds.
  path: Assets/scripts/AnimationController.cs
  artifactKey: Guid(02908c54d58a1294da07d2949470fcc8) Importer(815301076,1909f56bfc062723c751e8b465ee728b)
Start importing Assets/scripts/AnimationController.cs using Guid(02908c54d58a1294da07d2949470fcc8) Importer(815301076,1909f56bfc062723c751e8b465ee728b)  -> (artifact id: '6e6ff210f2ea717cd64d6d441768d803') in 0.005677 seconds 
  Import took 0.008665 seconds .

========================================================================
Received Prepare
Registering precompiled user dll's ...
Registered in 0.003327 seconds.
Begin MonoManager ReloadAssembly
Native extension for WindowsStandalone target not found
Refreshing native plugins compatible for Editor in 0.60 ms, found 2 plugins.
Preloading 0 native plugins for Editor in 0.00 ms.
Mono: successfully reloaded assembly
- Completed reload, in  0.851 seconds
Domain Reload Profiling:
	ReloadAssembly (852ms)
		BeginReloadAssembly (104ms)
			ExecutionOrderSort (0ms)
			DisableScriptedObjects (3ms)
			BackupInstance (0ms)
			ReleaseScriptingObjects (0ms)
			CreateAndSetChildDomain (30ms)
		EndReloadAssembly (694ms)
			LoadAssemblies (70ms)
			RebuildTransferFunctionScriptingTraits (0ms)
			SetupTypeCache (225ms)
			ReleaseScriptCaches (1ms)
			RebuildScriptCaches (34ms)
			SetupLoadedEditorAssemblies (285ms)
				LogAssemblyErrors (0ms)
				InitializePlatformSupportModulesInManaged (4ms)
				SetLoadedEditorAssemblies (0ms)
				RefreshPlugins (1ms)
				BeforeProcessingInitializeOnLoad (66ms)
				ProcessInitializeOnLoadAttributes (205ms)
				ProcessInitializeOnLoadMethodAttributes (3ms)
				AfterProcessingInitializeOnLoad (6ms)
				EditorAssembliesLoaded (0ms)
			ExecutionOrderSort2 (0ms)
			AwakeInstancesAfterBackupRestoration (5ms)
Platform modules already initialized, skipping
Shader 'WFX/Transparent Diffuse': fallback shader 'Particles/Alpha Blended' not found
Shader 'WFX/Transparent Specular': fallback shader 'Particles/Alpha Blended' not found
Refreshing native plugins compatible for Editor in 0.47 ms, found 2 plugins.
Preloading 0 native plugins for Editor in 0.00 ms.
Unloading 1562 Unused Serialized files (Serialized files now loaded: 0)
System memory in use before: 175.4 MB.
System memory in use after: 175.5 MB.

Unloading 14 unused Assets to reduce memory usage. Loaded Objects now: 2124.
Total: 2.991800 ms (FindLiveObjects: 0.218800 ms CreateObjectMapping: 0.036100 ms MarkObjects: 2.718400 ms  DeleteObjects: 0.017200 ms)

AssetImportParameters requested are different than current active one (requested -> active):
  custom:framework-win-MediaFoundation: 216162199b28c13a410421893ffa2e32 -> 
  custom:video-decoder-ogg-theora: a1e56fd34408186e4bbccfd4996cb3dc -> 
  custom:container-muxer-webm: aa71ff27fc2769a1b78a27578f13a17b -> 
  custom:container-demuxer-webm: 4f35f7cbe854078d1ac9338744f61a02 -> 
  custom:container-demuxer-ogg: 62fdf1f143b41e24485cea50d1cbac27 -> 
  custom:video-encoder-webm-vp8: eb34c28f22e8b96e1ab97ce403110664 -> 
  custom:video-decoder-webm-vp8: 9c59270c3fd7afecdb556c50c9e8de78 -> 
  custom:audio-decoder-ogg-vorbis: bf7c407c2cedff20999df2af8eb42d56 -> 
  custom:audio-encoder-webm-vorbis: bf7c407c2cedff20999df2af8eb42d56 -> 
========================================================================
Received Prepare
Registering precompiled user dll's ...
Registered in 0.003123 seconds.
Begin MonoManager ReloadAssembly
Native extension for WindowsStandalone target not found
Refreshing native plugins compatible for Editor in 0.47 ms, found 2 plugins.
Preloading 0 native plugins for Editor in 0.00 ms.
Mono: successfully reloaded assembly
- Completed reload, in  0.836 seconds
Domain Reload Profiling:
	ReloadAssembly (836ms)
		BeginReloadAssembly (91ms)
			ExecutionOrderSort (0ms)
			DisableScriptedObjects (4ms)
			BackupInstance (0ms)
			ReleaseScriptingObjects (0ms)
			CreateAndSetChildDomain (29ms)
		EndReloadAssembly (693ms)
			LoadAssemblies (65ms)
			RebuildTransferFunctionScriptingTraits (0ms)
			SetupTypeCache (222ms)
			ReleaseScriptCaches (1ms)
			RebuildScriptCaches (33ms)
			SetupLoadedEditorAssemblies (294ms)
				LogAssemblyErrors (0ms)
				InitializePlatformSupportModulesInManaged (4ms)
				SetLoadedEditorAssemblies (0ms)
				RefreshPlugins (1ms)
				BeforeProcessingInitializeOnLoad (66ms)
				ProcessInitializeOnLoadAttributes (215ms)
				ProcessInitializeOnLoadMethodAttributes (3ms)
				AfterProcessingInitializeOnLoad (5ms)
				EditorAssembliesLoaded (0ms)
			ExecutionOrderSort2 (0ms)
			AwakeInstancesAfterBackupRestoration (5ms)
Platform modules already initialized, skipping
Shader 'WFX/Transparent Diffuse': fallback shader 'Particles/Alpha Blended' not found
Shader 'WFX/Transparent Specular': fallback shader 'Particles/Alpha Blended' not found
Refreshing native plugins compatible for Editor in 0.47 ms, found 2 plugins.
Preloading 0 native plugins for Editor in 0.00 ms.
Unloading 1562 Unused Serialized files (Serialized files now loaded: 0)
System memory in use before: 175.4 MB.
System memory in use after: 175.5 MB.

Unloading 14 unused Assets to reduce memory usage. Loaded Objects now: 2126.
Total: 2.827100 ms (FindLiveObjects: 0.212400 ms CreateObjectMapping: 0.034400 ms MarkObjects: 2.561900 ms  DeleteObjects: 0.016400 ms)

AssetImportParameters requested are different than current active one (requested -> active):
  custom:framework-win-MediaFoundation: 216162199b28c13a410421893ffa2e32 -> 
  custom:video-decoder-ogg-theora: a1e56fd34408186e4bbccfd4996cb3dc -> 
  custom:container-muxer-webm: aa71ff27fc2769a1b78a27578f13a17b -> 
  custom:container-demuxer-webm: 4f35f7cbe854078d1ac9338744f61a02 -> 
  custom:container-demuxer-ogg: 62fdf1f143b41e24485cea50d1cbac27 -> 
  custom:video-encoder-webm-vp8: eb34c28f22e8b96e1ab97ce403110664 -> 
  custom:video-decoder-webm-vp8: 9c59270c3fd7afecdb556c50c9e8de78 -> 
  custom:audio-decoder-ogg-vorbis: bf7c407c2cedff20999df2af8eb42d56 -> 
  custom:audio-encoder-webm-vorbis: bf7c407c2cedff20999df2af8eb42d56 -> 
========================================================================
Received Prepare
Registering precompiled user dll's ...
Registered in 0.003789 seconds.
Begin MonoManager ReloadAssembly
Native extension for WindowsStandalone target not found
Refreshing native plugins compatible for Editor in 0.48 ms, found 2 plugins.
Preloading 0 native plugins for Editor in 0.00 ms.
Mono: successfully reloaded assembly
- Completed reload, in  0.856 seconds
Domain Reload Profiling:
	ReloadAssembly (856ms)
		BeginReloadAssembly (101ms)
			ExecutionOrderSort (0ms)
			DisableScriptedObjects (4ms)
			BackupInstance (0ms)
			ReleaseScriptingObjects (0ms)
			CreateAndSetChildDomain (30ms)
		EndReloadAssembly (699ms)
			LoadAssemblies (68ms)
			RebuildTransferFunctionScriptingTraits (0ms)
			SetupTypeCache (224ms)
			ReleaseScriptCaches (1ms)
			RebuildScriptCaches (34ms)
			SetupLoadedEditorAssemblies (297ms)
				LogAssemblyErrors (0ms)
				InitializePlatformSupportModulesInManaged (4ms)
				SetLoadedEditorAssemblies (0ms)
				RefreshPlugins (1ms)
				BeforeProcessingInitializeOnLoad (67ms)
				ProcessInitializeOnLoadAttributes (217ms)
				ProcessInitializeOnLoadMethodAttributes (3ms)
				AfterProcessingInitializeOnLoad (5ms)
				EditorAssembliesLoaded (0ms)
			ExecutionOrderSort2 (0ms)
			AwakeInstancesAfterBackupRestoration (5ms)
Platform modules already initialized, skipping
Shader 'WFX/Transparent Diffuse': fallback shader 'Particles/Alpha Blended' not found
Shader 'WFX/Transparent Specular': fallback shader 'Particles/Alpha Blended' not found
Refreshing native plugins compatible for Editor in 0.49 ms, found 2 plugins.
Preloading 0 native plugins for Editor in 0.00 ms.
Unloading 1562 Unused Serialized files (Serialized files now loaded: 0)
System memory in use before: 175.4 MB.
System memory in use after: 175.5 MB.

Unloading 14 unused Assets to reduce memory usage. Loaded Objects now: 2128.
Total: 2.900900 ms (FindLiveObjects: 0.181200 ms CreateObjectMapping: 0.035800 ms MarkObjects: 2.666700 ms  DeleteObjects: 0.016200 ms)

AssetImportParameters requested are different than current active one (requested -> active):
  custom:framework-win-MediaFoundation: 216162199b28c13a410421893ffa2e32 -> 
  custom:video-decoder-ogg-theora: a1e56fd34408186e4bbccfd4996cb3dc -> 
  custom:container-muxer-webm: aa71ff27fc2769a1b78a27578f13a17b -> 
  custom:container-demuxer-webm: 4f35f7cbe854078d1ac9338744f61a02 -> 
  custom:container-demuxer-ogg: 62fdf1f143b41e24485cea50d1cbac27 -> 
  custom:video-encoder-webm-vp8: eb34c28f22e8b96e1ab97ce403110664 -> 
  custom:video-decoder-webm-vp8: 9c59270c3fd7afecdb556c50c9e8de78 -> 
  custom:audio-decoder-ogg-vorbis: bf7c407c2cedff20999df2af8eb42d56 -> 
  custom:audio-encoder-webm-vorbis: bf7c407c2cedff20999df2af8eb42d56 -> 
AssetImportWorkerClient::OnTransportError - code=2 error=End of file
